<?xml version="1.0" encoding="UTF-8"?>
<testng-results skipped="0" failed="0" ignored="0" total="1" passed="1">
  <reporter-output>
  </reporter-output>
  <suite name="Default suite" duration-ms="19566" started-at="2021-02-24T09:23:52Z" finished-at="2021-02-24T09:24:11Z">
    <groups>
    </groups>
    <test name="Default test" duration-ms="19566" started-at="2021-02-24T09:23:52Z" finished-at="2021-02-24T09:24:11Z">
      <class name="org.springtc.TC001_PrintAllValues">
        <test-method status="PASS" signature="setUP()[pri:0, instance:org.springtc.TC001_PrintAllValues@17c1bced]" name="setUP" is-config="true" duration-ms="5217" started-at="2021-02-24T14:53:52Z" finished-at="2021-02-24T14:53:57Z">
          <reporter-output>
          </reporter-output>
        </test-method> <!-- setUP -->
        <test-method status="PASS" signature="loginAndGetAllValues()[pri:0, instance:org.springtc.TC001_PrintAllValues@17c1bced]" name="loginAndGetAllValues" duration-ms="13306" started-at="2021-02-24T14:53:57Z" finished-at="2021-02-24T14:54:10Z">
          <reporter-output>
          </reporter-output>
        </test-method> <!-- loginAndGetAllValues -->
        <test-method status="PASS" signature="EndTest()[pri:0, instance:org.springtc.TC001_PrintAllValues@17c1bced]" name="EndTest" is-config="true" duration-ms="996" started-at="2021-02-24T14:54:10Z" finished-at="2021-02-24T14:54:11Z">
          <reporter-output>
          </reporter-output>
        </test-method> <!-- EndTest -->
      </class> <!-- org.springtc.TC001_PrintAllValues -->
    </test> <!-- Default test -->
  </suite> <!-- Default suite -->
</testng-results>
